<?xml version="1.0" encoding="UTF-8"?>
<testng-results total="7" passed="7" failed="0" skipped="0">
  <reporter-output>
  </reporter-output>
  <suite started-at="2025-02-02T04:34:51Z" name="Test Suite for Buildout" finished-at="2025-02-02T04:36:46Z" duration-ms="115076">
    <groups>
    </groups>
    <test started-at="2025-02-02T04:34:51Z" name="Test Cases for Buildout" finished-at="2025-02-02T04:36:46Z" duration-ms="115076">
      <class name="demo.TestCases">
        <test-method is-config="true" signature="startBrowser()[pri:0, instance:demo.TestCases@2371aaca]" started-at="2025-02-02T10:04:51Z" name="startBrowser" finished-at="2025-02-02T10:05:00Z" duration-ms="8398" status="PASS">
          <reporter-output>
          </reporter-output>
        </test-method> <!-- startBrowser -->
        <test-method signature="testCase01()[pri:0, instance:demo.TestCases@2371aaca]" started-at="2025-02-02T10:05:00Z" name="testCase01" finished-at="2025-02-02T10:05:04Z" duration-ms="4577" status="PASS">
          <reporter-output>
          </reporter-output>
        </test-method> <!-- testCase01 -->
        <test-method signature="testCase02()[pri:0, instance:demo.TestCases@2371aaca]" started-at="2025-02-02T10:05:04Z" name="testCase02" finished-at="2025-02-02T10:05:11Z" duration-ms="6780" status="PASS">
          <reporter-output>
          </reporter-output>
        </test-method> <!-- testCase02 -->
        <test-method signature="testCase03()[pri:0, instance:demo.TestCases@2371aaca]" started-at="2025-02-02T10:05:11Z" name="testCase03" finished-at="2025-02-02T10:05:18Z" duration-ms="6799" status="PASS">
          <reporter-output>
          </reporter-output>
        </test-method> <!-- testCase03 -->
        <test-method signature="testCase04()[pri:0, instance:demo.TestCases@2371aaca]" started-at="2025-02-02T10:05:18Z" name="testCase04" finished-at="2025-02-02T10:05:28Z" duration-ms="10418" status="PASS">
          <reporter-output>
          </reporter-output>
        </test-method> <!-- testCase04 -->
        <test-method signature="testCases05(java.lang.String)[pri:0, instance:demo.TestCases@2371aaca]" started-at="2025-02-02T10:05:29Z" name="testCases05" data-provider="excelData" finished-at="2025-02-02T10:05:58Z" duration-ms="28317" status="PASS">
          <params>
            <param index="0">
              <value>
                <![CDATA[Movies]]>
              </value>
            </param>
          </params>
          <reporter-output>
          </reporter-output>
        </test-method> <!-- testCases05 -->
        <test-method signature="testCases05(java.lang.String)[pri:0, instance:demo.TestCases@2371aaca]" started-at="2025-02-02T10:05:58Z" name="testCases05" data-provider="excelData" finished-at="2025-02-02T10:06:20Z" duration-ms="22542" status="PASS">
          <params>
            <param index="0">
              <value>
                <![CDATA[Music]]>
              </value>
            </param>
          </params>
          <reporter-output>
          </reporter-output>
        </test-method> <!-- testCases05 -->
        <test-method signature="testCases05(java.lang.String)[pri:0, instance:demo.TestCases@2371aaca]" started-at="2025-02-02T10:06:20Z" name="testCases05" data-provider="excelData" finished-at="2025-02-02T10:06:44Z" duration-ms="23941" status="PASS">
          <params>
            <param index="0">
              <value>
                <![CDATA[Games]]>
              </value>
            </param>
          </params>
          <reporter-output>
          </reporter-output>
        </test-method> <!-- testCases05 -->
        <test-method is-config="true" signature="endTest()[pri:0, instance:demo.TestCases@2371aaca]" started-at="2025-02-02T10:06:44Z" name="endTest" finished-at="2025-02-02T10:06:46Z" duration-ms="1991" status="PASS">
          <reporter-output>
          </reporter-output>
        </test-method> <!-- endTest -->
      </class> <!-- demo.TestCases -->
    </test> <!-- Test Cases for Buildout -->
  </suite> <!-- Test Suite for Buildout -->
</testng-results>
